### ISSUE TITLE
iOS Files recording for more than five minutes will run out of memory

### ISSUE THREAD

**Issue by WeJeson** [incrediblezayed/file_saver#50]
pc 0x000000015be15f80 fp 0x000000016e648058 sp 0x000000016e647fe8 [Unoptimized] _RandomAccessFile@13069316._dispatch@13069316
  pc 0x000000015be14984 fp 0x000000016e648118 sp 0x000000016e648068 [Unoptimized] _RandomAccessFile@13069316.writeFrom
  pc 0x000000015be14118 fp 0x000000016e648170 sp 0x000000016e648128 [Unoptimized] _File@13069316.writeAsBytes.<anonymous closure>
  pc 0x000000015bdb207c fp 0x000000016e6481e8 sp 0x000000016e648180 [Unoptimized] _rootRunUnary@4048458
  pc 0x000000015bdb1e70 fp 0x000000016e648250 sp 0x000000016e6481f8 [Unoptimized] _rootRunUnary@4048458
  pc 0x000000015bdb1a04 fp 0x000000016e6482e8 sp 0x000000016e648260 [Unoptimized] _CustomZone@4048458.runUnary
  pc 0x000000015bdc1878 fp 0x000000016e648338 sp 0x000000016e6482f8 [Unoptimized] _FutureListener@4048458.handleValue
  pc 0x000000015bdc1488 fp 0x000000016e648398 sp 0x000000016e648348 [Unoptimized] _Future@4048458._propagateToListeners@4048458.handleValueCallback
  pc 0x000000015bdc0404 fp 0x000000016e648418 sp 0x000000016e6483a8 [Unoptimized] _Future@4048458._propagateToListeners@4048458
  pc 0x000000015bdbec38 fp 0x000000016e648460 sp 0x000000016e648428 [Unoptimized] _Future@4048458._completeWithValue@4048458
  pc 0x000000015bdbe900 fp 0x000000016e6484a0 sp 0x000000016e648470 [Unoptimized] _Future@4048458._asyncCompleteWithValue@4048458.<anonymous closure>
  pc 0x000000015a7c09d4 fp 0x000000016e648510 sp 0x000000016e6484b0 [Unoptimized] _rootRun@4048458
  pc 0x000000015a7c0638 fp 0x000000016e648570 sp 0x000000016e648520 [Unoptimized] _rootRun@4048458
  pc 0x000000015a7bfd3c fp 0x000000016e648600 sp 0x000000016e648580 [Unoptimized] _CustomZone@4048458.run
  pc 0x000000015bda3684 fp 0x000000016e648670 sp 0x000000016e648610 [Unoptimized] _CustomZone@4048458.runGuarded
  pc 0x000000015bda3540 fp 0x000000016e6486b0 sp 0x000000016e648680 [Unoptimized] _CustomZone@4048458.bindCallbackGuarded.<anonymous closure>
  pc 0x000000015bda321c fp 0x000000016e6486f8 sp 0x000000016e6486c0 [Unoptimized] _microtaskLoop@4048458
  pc 0x000000015bda2da4 fp 0x000000016e648738 sp 0x000000016e648708 [Unoptimized] _startMicrotaskLoop@4048458
  pc 0x000000015bda2ca0 fp 0x000000016e648760 sp 0x000000016e648748 [Unoptimized] _startMicrotaskLoop@4048458
  pc 0x0000000108482ff4 fp 0x000000016e648830 sp 0x000000016e648770 [Stub] InvokeDartCode
* thread #40, name = '0f0d6f83-502d-4c7b-abd7-fa208bb7f409.3.ui', stop reason = signal SIGABRT
    frame #0: 0x00000001f2c04b78 libsystem_kernel.dylib`__pthread_kill + 8
libsystem_kernel.dylib`__pthread_kill:
->  0x1f2c04b78 <+8>:  b.lo   0x1f2c04b98               ; <+40>
    0x1f2c04b7c <+12>: pacibsp
    0x1f2c04b80 <+16>: stp    x29, x30, [sp, #-0x10]!
    0x1f2c04b84 <+20>: mov    x29, sp
Target 0: (Runner) stopped.
Lost connection to device.

**Comment by incrediblezayed** [comment]
Closing — the stack trace is inside Dart's `RandomAccessFile.writeFrom` in the app's own recording code, not in file_saver. For handing large files to the picker without loading them into memory, 0.4.0 added path-based `saveAs(filePath:)` (native `copyItem`) and `saveAsStream`. Please open a new issue if you can reproduce an OOM originating from the plugin on 0.4.0+.
